TN:
SF:/Users/philipprost/redux-action-reducer-generator/redux-action-reducer-generator/src/index.js
FN:1,(anonymous_0)
FN:15,(anonymous_1)
FN:19,(anonymous_2)
FN:24,(anonymous_3)
FN:36,(anonymous_4)
FNF:5
FNH:5
FNDA:3,(anonymous_0)
FNDA:2,(anonymous_1)
FNDA:1,(anonymous_2)
FNDA:1,(anonymous_3)
FNDA:16,(anonymous_4)
DA:1,1
DA:3,3
DA:5,3
DA:6,2
DA:9,1
DA:11,1
DA:12,1
DA:13,1
DA:15,2
DA:19,1
DA:24,1
DA:29,1
DA:36,1
DA:37,16
DA:39,2
DA:43,6
DA:49,6
DA:55,2
DA:59,1
LF:19
LH:19
BRDA:5,0,0,2
BRDA:5,0,1,1
BRDA:5,1,0,3
BRDA:5,1,1,1
BRDA:36,2,0,1
BRDA:37,3,0,2
BRDA:37,3,1,6
BRDA:37,3,2,6
BRDA:37,3,3,2
BRF:9
BRH:9
end_of_record
