TN:
SF:/Users/philipprost/ActionGenerator/src/index.js
FN:1,(anonymous_0)
FN:12,(anonymous_1)
FN:16,(anonymous_2)
FN:21,(anonymous_3)
FN:33,(anonymous_4)
FNF:5
FNH:5
FNDA:1,(anonymous_0)
FNDA:2,(anonymous_1)
FNDA:1,(anonymous_2)
FNDA:1,(anonymous_3)
FNDA:1,(anonymous_4)
DA:1,1
DA:3,1
DA:5,1
DA:6,1
DA:8,1
DA:9,1
DA:10,1
DA:12,2
DA:16,1
DA:21,1
DA:26,1
DA:33,1
DA:34,1
DA:36,0
DA:40,0
DA:46,0
DA:52,1
DA:56,1
LF:18
LH:15
BRDA:5,0,0,0
BRDA:5,0,1,1
BRDA:33,1,0,0
BRDA:34,2,0,0
BRDA:34,2,1,0
BRDA:34,2,2,0
BRDA:34,2,3,1
BRF:7
BRH:2
end_of_record
